<?xml version="1.0" encoding="UTF-8" ?>
<testsuite tests="3" failures="0" name="fr.orsys.grapheur.tests.StringUtilitaireTest" time="0" errors="0" skipped="0">
  <properties>
[...]
</properties>
  <testcase classname="fr.orsys.grapheur.tests.StringUtilitaireTest" name="toutMajuscule" time="0"/>
  <testcase classname="fr.orsys.grapheur.tests.StringUtilitaireTest" name="toutMinuscule" time="0"/>
  <testcase classname="fr.orsys.grapheur.tests.StringUtilitaireTest" name="premierCaracterePasLettre" time="0"/>
</testsuite>